This is pdfTeX, Version 3.141592653-2.6-1.40.22 (MiKTeX 21.3) (preloaded format=pdflatex 2021.3.27)  12 APR 2021 19:52
entering extended mode
**"c:/Users/ijyli/repo/Commitment_Institutions_Instability/Release/Paper/Liu- Commitment Institutions and Instability.tex"
(c:/Users/ijyli/repo/Commitment_Institutions_Instability/Release/Paper/Liu- Commitment Institutions and Instability.tex
LaTeX2e <2020-10-01> patch level 4
L3 programming layer <2021-02-18> (C:\Users\ijyli\AppData\Local\Programs\MiKTeX\tex/latex/base\article.cls
Document Class: article 2020/04/10 v1.4m Standard LaTeX document class
(C:\Users\ijyli\AppData\Local\Programs\MiKTeX\tex/latex/base\size10.clo
File: size10.clo 2020/04/10 v1.4m Standard LaTeX file (size option)
)
\c@part=\count179
\c@section=\count180
\c@subsection=\count181
\c@subsubsection=\count182
\c@paragraph=\count183
\c@subparagraph=\count184
\c@figure=\count185
\c@table=\count186
\abovecaptionskip=\skip47
\belowcaptionskip=\skip48
\bibindent=\dimen138
) (C:\Users\ijyli\AppData\Local\Programs\MiKTeX\tex/latex/natbib\natbib.sty
Package: natbib 2010/09/13 8.31b (PWD, AO)
\bibhang=\skip49
\bibsep=\skip50
LaTeX Info: Redefining \cite on input line 694.
\c@NAT@ctr=\count187
) (C:\Users\ijyli\AppData\Local\Programs\MiKTeX\tex/latex/psnfss\mathpazo.sty
Package: mathpazo 2020/03/25 PSNFSS-v9.3 Palatino w/ Pazo Math (D.Puga, WaS) 
\symupright=\mathgroup4
) (C:\Users\ijyli\AppData\Local\Programs\MiKTeX\tex/latex/base\fontenc.sty
Package: fontenc 2020/08/10 v2.0s Standard LaTeX package
LaTeX Font Info:    Trying to load font information for T1+pplx on input line 112.
 (C:\Users\ijyli\AppData\Local\Programs\MiKTeX\tex/latex/psnfss\t1pplx.fd
File: t1pplx.fd 2004/09/06 font definitions for T1/pplx.
)) (C:\Users\ijyli\AppData\Local\Programs\MiKTeX\tex/latex/amsmath\amsmath.sty
Package: amsmath 2020/09/23 v2.17i AMS math features
\@mathmargin=\skip51

For additional information on amsmath, use the `?' option.
(C:\Users\ijyli\AppData\Local\Programs\MiKTeX\tex/latex/amsmath\amstext.sty
Package: amstext 2000/06/29 v2.01 AMS text
 (C:\Users\ijyli\AppData\Local\Programs\MiKTeX\tex/latex/amsmath\amsgen.sty
File: amsgen.sty 1999/11/30 v2.0 generic functions
\@emptytoks=\toks15
\ex@=\dimen139
)) (C:\Users\ijyli\AppData\Local\Programs\MiKTeX\tex/latex/amsmath\amsbsy.sty
Package: amsbsy 1999/11/29 v1.2d Bold Symbols
\pmbraise@=\dimen140
) (C:\Users\ijyli\AppData\Local\Programs\MiKTeX\tex/latex/amsmath\amsopn.sty
Package: amsopn 2016/03/08 v2.02 operator names
)
\inf@bad=\count188
LaTeX Info: Redefining \frac on input line 234.
\uproot@=\count189
\leftroot@=\count190
LaTeX Info: Redefining \overline on input line 399.
\classnum@=\count191
\DOTSCASE@=\count192
LaTeX Info: Redefining \ldots on input line 496.
LaTeX Info: Redefining \dots on input line 499.
LaTeX Info: Redefining \cdots on input line 620.
\Mathstrutbox@=\box47
\strutbox@=\box48
\big@size=\dimen141
LaTeX Font Info:    Redeclaring font encoding OML on input line 743.
LaTeX Font Info:    Redeclaring font encoding OMS on input line 744.
\macc@depth=\count193
\c@MaxMatrixCols=\count194
\dotsspace@=\muskip16
\c@parentequation=\count195
\dspbrk@lvl=\count196
\tag@help=\toks16
\row@=\count197
\column@=\count198
\maxfields@=\count199
\andhelp@=\toks17
\eqnshift@=\dimen142
\alignsep@=\dimen143
\tagshift@=\dimen144
\tagwidth@=\dimen145
\totwidth@=\dimen146
\lineht@=\dimen147
\@envbody=\toks18
\multlinegap=\skip52
\multlinetaggap=\skip53
\mathdisplay@stack=\toks19
LaTeX Info: Redefining \[ on input line 2923.
LaTeX Info: Redefining \] on input line 2924.
) (C:\Users\ijyli\AppData\Local\Programs\MiKTeX\tex/latex/amsfonts\amsfonts.sty
Package: amsfonts 2013/01/14 v3.01 Basic AMSFonts support
\symAMSa=\mathgroup5
\symAMSb=\mathgroup6
LaTeX Font Info:    Redeclaring math symbol \hbar on input line 98.
LaTeX Font Info:    Overwriting math alphabet `\mathfrak' in version `bold'
(Font)                  U/euf/m/n --> U/euf/b/n on input line 106.
) (C:\Users\ijyli\AppData\Local\Programs\MiKTeX\tex/latex/amsfonts\amssymb.sty
Package: amssymb 2013/01/14 v3.01 AMS font symbols
) (C:\Users\ijyli\AppData\Local\Programs\MiKTeX\tex/latex/graphics\graphicx.sty
Package: graphicx 2020/09/09 v1.2b Enhanced LaTeX Graphics (DPC,SPQR)
 (C:\Users\ijyli\AppData\Local\Programs\MiKTeX\tex/latex/graphics\keyval.sty
Package: keyval 2014/10/28 v1.15 key=value parser (DPC)
\KV@toks@=\toks20
) (C:\Users\ijyli\AppData\Local\Programs\MiKTeX\tex/latex/graphics\graphics.sty
Package: graphics 2020/08/30 v1.4c Standard LaTeX Graphics (DPC,SPQR)
 (C:\Users\ijyli\AppData\Local\Programs\MiKTeX\tex/latex/graphics\trig.sty
Package: trig 2016/01/03 v1.10 sin cos tan (DPC)
) (C:\Users\ijyli\AppData\Local\Programs\MiKTeX\tex/latex/graphics-cfg\graphics.cfg
File: graphics.cfg 2016/06/04 v1.11 sample graphics configuration
)
Package graphics Info: Driver file: pdftex.def on input line 105.
 (C:\Users\ijyli\AppData\Local\Programs\MiKTeX\tex/latex/graphics-def\pdftex.def
File: pdftex.def 2020/10/05 v1.2a Graphics/color driver for pdftex
))
\Gin@req@height=\dimen148
\Gin@req@width=\dimen149
) (C:\Users\ijyli\AppData\Local\Programs\MiKTeX\tex/latex/setspace\setspace.sty
Package: setspace 2011/12/19 v6.7a set line spacing
) (C:\Users\ijyli\AppData\Local\Programs\MiKTeX\tex/latex/graphics\color.sty
Package: color 2020/02/24 v1.2b Standard LaTeX Color (DPC)
 (C:\Users\ijyli\AppData\Local\Programs\MiKTeX\tex/latex/graphics-cfg\color.cfg
File: color.cfg 2016/01/02 v1.6 sample color configuration
)
Package color Info: Driver file: pdftex.def on input line 147.
) (C:\Users\ijyli\AppData\Local\Programs\MiKTeX\tex/latex/geometry\geometry.sty
Package: geometry 2020/01/02 v5.9 Page Geometry
 (C:\Users\ijyli\AppData\Local\Programs\MiKTeX\tex/generic/iftex\ifvtex.sty
Package: ifvtex 2019/10/25 v1.7 ifvtex legacy package. Use iftex instead.
 (C:\Users\ijyli\AppData\Local\Programs\MiKTeX\tex/generic/iftex\iftex.sty
Package: iftex 2020/03/06 v1.0d TeX engine tests
))
\Gm@cnth=\count266
\Gm@cntv=\count267
\c@Gm@tempcnt=\count268
\Gm@bindingoffset=\dimen150
\Gm@wd@mp=\dimen151
\Gm@odd@mp=\dimen152
\Gm@even@mp=\dimen153
\Gm@layoutwidth=\dimen154
\Gm@layoutheight=\dimen155
\Gm@layouthoffset=\dimen156
\Gm@layoutvoffset=\dimen157
\Gm@dimlist=\toks21
 (C:\Users\ijyli\AppData\Local\Programs\MiKTeX\tex/latex/geometry\geometry.cfg)) (C:\Users\ijyli\AppData\Local\Programs\MiKTeX\tex/latex/url\url.sty
\Urlmuskip=\muskip17
Package: url 2013/09/16  ver 3.4  Verb mode for urls, etc.
) (C:\Users\ijyli\AppData\Local\Programs\MiKTeX\tex/latex/appendix\appendix.sty
Package: appendix 2020/02/08 v1.2c extra appendix facilities
\c@@pps=\count269
\c@@ppsavesec=\count270
\c@@ppsaveapp=\count271
) (C:\Users\ijyli\AppData\Local\Programs\MiKTeX\tex/latex/hyperref\hyperref.sty
Package: hyperref 2021-02-27 v7.00k Hypertext links for LaTeX
 (C:\Users\ijyli\AppData\Local\Programs\MiKTeX\tex/generic/ltxcmds\ltxcmds.sty
Package: ltxcmds 2020-05-10 v1.25 LaTeX kernel commands for general use (HO)
) (C:\Users\ijyli\AppData\Local\Programs\MiKTeX\tex/generic/pdftexcmds\pdftexcmds.sty
Package: pdftexcmds 2020-06-27 v0.33 Utility functions of pdfTeX for LuaTeX (HO)
 (C:\Users\ijyli\AppData\Local\Programs\MiKTeX\tex/generic/infwarerr\infwarerr.sty
Package: infwarerr 2019/12/03 v1.5 Providing info/warning/error messages (HO)
)
Package pdftexcmds Info: \pdf@primitive is available.
Package pdftexcmds Info: \pdf@ifprimitive is available.
Package pdftexcmds Info: \pdfdraftmode found.
) (C:\Users\ijyli\AppData\Local\Programs\MiKTeX\tex/generic/kvsetkeys\kvsetkeys.sty
Package: kvsetkeys 2019/12/15 v1.18 Key value parser (HO)
) (C:\Users\ijyli\AppData\Local\Programs\MiKTeX\tex/generic/kvdefinekeys\kvdefinekeys.sty
Package: kvdefinekeys 2019-12-19 v1.6 Define keys (HO)
) (C:\Users\ijyli\AppData\Local\Programs\MiKTeX\tex/generic/pdfescape\pdfescape.sty
Package: pdfescape 2019/12/09 v1.15 Implements pdfTeX's escape features (HO)
) (C:\Users\ijyli\AppData\Local\Programs\MiKTeX\tex/latex/hycolor\hycolor.sty
Package: hycolor 2020-01-27 v1.10 Color options for hyperref/bookmark (HO)
) (C:\Users\ijyli\AppData\Local\Programs\MiKTeX\tex/latex/letltxmacro\letltxmacro.sty
Package: letltxmacro 2019/12/03 v1.6 Let assignment for LaTeX macros (HO)
) (C:\Users\ijyli\AppData\Local\Programs\MiKTeX\tex/latex/auxhook\auxhook.sty
Package: auxhook 2019-12-17 v1.6 Hooks for auxiliary files (HO)
) (C:\Users\ijyli\AppData\Local\Programs\MiKTeX\tex/latex/kvoptions\kvoptions.sty
Package: kvoptions 2020-10-07 v3.14 Key value format for package options (HO)
)
\@linkdim=\dimen158
\Hy@linkcounter=\count272
\Hy@pagecounter=\count273
 (C:\Users\ijyli\AppData\Local\Programs\MiKTeX\tex/latex/hyperref\pd1enc.def
File: pd1enc.def 2021-02-27 v7.00k Hyperref: PDFDocEncoding definition (HO)
Now handling font encoding PD1 ...
... no UTF-8 mapping file for font encoding PD1
) (C:\Users\ijyli\AppData\Local\Programs\MiKTeX\tex/latex/hyperref\hyperref-langpatches.def
File: hyperref-langpatches.def 2021-02-27 v7.00k Hyperref: patches for babel languages
) (C:\Users\ijyli\AppData\Local\Programs\MiKTeX\tex/generic/intcalc\intcalc.sty
Package: intcalc 2019/12/15 v1.3 Expandable calculations with integers (HO)
) (C:\Users\ijyli\AppData\Local\Programs\MiKTeX\tex/generic/etexcmds\etexcmds.sty
Package: etexcmds 2019/12/15 v1.7 Avoid name clashes with e-TeX commands (HO)
)
\Hy@SavedSpaceFactor=\count274
 (C:\Users\ijyli\AppData\Local\Programs\MiKTeX\tex/latex/hyperref\puenc.def
File: puenc.def 2021-02-27 v7.00k Hyperref: PDF Unicode definition (HO)
Now handling font encoding PU ...
... no UTF-8 mapping file for font encoding PU
)
Package hyperref Info: Hyper figures OFF on input line 4192.
Package hyperref Info: Link nesting OFF on input line 4197.
Package hyperref Info: Hyper index ON on input line 4200.
Package hyperref Info: Plain pages OFF on input line 4207.
Package hyperref Info: Backreferencing OFF on input line 4212.
Package hyperref Info: Implicit mode ON; LaTeX internals redefined.
Package hyperref Info: Bookmarks ON on input line 4445.
\c@Hy@tempcnt=\count275
LaTeX Info: Redefining \url on input line 4804.
\XeTeXLinkMargin=\dimen159
 (C:\Users\ijyli\AppData\Local\Programs\MiKTeX\tex/generic/bitset\bitset.sty
Package: bitset 2019/12/09 v1.3 Handle bit-vector datatype (HO)
 (C:\Users\ijyli\AppData\Local\Programs\MiKTeX\tex/generic/bigintcalc\bigintcalc.sty
Package: bigintcalc 2019/12/15 v1.5 Expandable calculations on big integers (HO)
))
\Fld@menulength=\count276
\Field@Width=\dimen160
\Fld@charsize=\dimen161
Package hyperref Info: Hyper figures OFF on input line 6075.
Package hyperref Info: Link nesting OFF on input line 6080.
Package hyperref Info: Hyper index ON on input line 6083.
Package hyperref Info: backreferencing OFF on input line 6090.
Package hyperref Info: Link coloring OFF on input line 6095.
Package hyperref Info: Link coloring with OCG OFF on input line 6100.
Package hyperref Info: PDF/A mode OFF on input line 6105.
LaTeX Info: Redefining \ref on input line 6145.
LaTeX Info: Redefining \pageref on input line 6149.
 (C:\Users\ijyli\AppData\Local\Programs\MiKTeX\tex/latex/base\atbegshi-ltx.sty
Package: atbegshi-ltx 2020/08/17 v1.0a Emulation of the original atbegshi package
with kernel methods
)
\Hy@abspage=\count277
\c@Item=\count278
\c@Hfootnote=\count279
)
Package hyperref Info: Driver (autodetected): hpdftex.
 (C:\Users\ijyli\AppData\Local\Programs\MiKTeX\tex/latex/hyperref\hpdftex.def
File: hpdftex.def 2021-02-27 v7.00k Hyperref driver for pdfTeX
 (C:\Users\ijyli\AppData\Local\Programs\MiKTeX\tex/latex/base\atveryend-ltx.sty
Package: atveryend-ltx 2020/08/19 v1.0a Emulation of the original atvery package
with kernel methods
)
\Fld@listcount=\count280
\c@bookmark@seq@number=\count281
 (C:\Users\ijyli\AppData\Local\Programs\MiKTeX\tex/latex/rerunfilecheck\rerunfilecheck.sty
Package: rerunfilecheck 2019/12/05 v1.9 Rerun checks for auxiliary files (HO)
 (C:\Users\ijyli\AppData\Local\Programs\MiKTeX\tex/generic/uniquecounter\uniquecounter.sty
Package: uniquecounter 2019/12/15 v1.4 Provide unlimited unique counter (HO)
)
Package uniquecounter Info: New unique counter `rerunfilecheck' on input line 286.
)
\Hy@SectionHShift=\skip54
) (C:\Users\ijyli\AppData\Local\Programs\MiKTeX\tex/latex/xcolor\xcolor.sty
Package: xcolor 2016/05/11 v2.12 LaTeX color extensions (UK)
 (C:\Users\ijyli\AppData\Local\Programs\MiKTeX\tex/latex/graphics-cfg\color.cfg
File: color.cfg 2016/01/02 v1.6 sample color configuration
)
Package xcolor Info: Driver file: pdftex.def on input line 225.
LaTeX Info: Redefining \color on input line 709.
Package xcolor Info: Model `cmy' substituted by `cmy0' on input line 1348.
Package xcolor Info: Model `hsb' substituted by `rgb' on input line 1352.
Package xcolor Info: Model `RGB' extended on input line 1364.
Package xcolor Info: Model `HTML' substituted by `rgb' on input line 1366.
Package xcolor Info: Model `Hsb' substituted by `hsb' on input line 1367.
Package xcolor Info: Model `tHsb' substituted by `hsb' on input line 1368.
Package xcolor Info: Model `HSB' substituted by `hsb' on input line 1369.
Package xcolor Info: Model `Gray' substituted by `gray' on input line 1370.
Package xcolor Info: Model `wave' substituted by `hsb' on input line 1371.
) (C:\Users\ijyli\AppData\Local\Programs\MiKTeX\tex/latex/todonotes\todonotes.sty
Package: todonotes 2020/08/18 v1.1.3 Todonotes source and documentation.
Package: todonotes 2018/11/22
 (C:\Users\ijyli\AppData\Local\Programs\MiKTeX\tex/latex/base\ifthen.sty
Package: ifthen 2014/09/29 v1.1c Standard LaTeX ifthen package (DPC)
) (C:\Users\ijyli\AppData\Local\Programs\MiKTeX\tex/latex/xkeyval\xkeyval.sty
Package: xkeyval 2020/11/20 v2.8 package option processing (HA)
 (C:\Users\ijyli\AppData\Local\Programs\MiKTeX\tex/generic/xkeyval\xkeyval.tex (C:\Users\ijyli\AppData\Local\Programs\MiKTeX\tex/generic/xkeyval\xkvutils.tex
\XKV@toks=\toks22
\XKV@tempa@toks=\toks23
)
\XKV@depth=\count282
File: xkeyval.tex 2014/12/03 v2.7a key=value parser (HA)
)) (C:\Users\ijyli\AppData\Local\Programs\MiKTeX\tex/latex/pgf/frontendlayer\tikz.sty (C:\Users\ijyli\AppData\Local\Programs\MiKTeX\tex/latex/pgf/basiclayer\pgf.sty (C:\Users\ijyli\AppData\Local\Programs\MiKTeX\tex/latex/pgf/utilities\pgfrcs.sty (C:\Users\ijyli\AppData\Local\Programs\MiKTeX\tex/generic/pgf/utilities\pgfutil-common.tex
\pgfutil@everybye=\toks24
\pgfutil@tempdima=\dimen162
\pgfutil@tempdimb=\dimen163
 (C:\Users\ijyli\AppData\Local\Programs\MiKTeX\tex/generic/pgf/utilities\pgfutil-common-lists.tex)) (C:\Users\ijyli\AppData\Local\Programs\MiKTeX\tex/generic/pgf/utilities\pgfutil-latex.def
\pgfutil@abb=\box49
) (C:\Users\ijyli\AppData\Local\Programs\MiKTeX\tex/generic/pgf/utilities\pgfrcs.code.tex (C:\Users\ijyli\AppData\Local\Programs\MiKTeX\tex/generic/pgf\pgf.revision.tex)
Package: pgfrcs 2020/12/27 v3.1.8b (3.1.8b)
))
Package: pgf 2020/12/27 v3.1.8b (3.1.8b)
 (C:\Users\ijyli\AppData\Local\Programs\MiKTeX\tex/latex/pgf/basiclayer\pgfcore.sty (C:\Users\ijyli\AppData\Local\Programs\MiKTeX\tex/latex/pgf/systemlayer\pgfsys.sty (C:\Users\ijyli\AppData\Local\Programs\MiKTeX\tex/generic/pgf/systemlayer\pgfsys.code.tex
Package: pgfsys 2020/12/27 v3.1.8b (3.1.8b)
 (C:\Users\ijyli\AppData\Local\Programs\MiKTeX\tex/generic/pgf/utilities\pgfkeys.code.tex
\pgfkeys@pathtoks=\toks25
\pgfkeys@temptoks=\toks26
 (C:\Users\ijyli\AppData\Local\Programs\MiKTeX\tex/generic/pgf/utilities\pgfkeysfiltered.code.tex
\pgfkeys@tmptoks=\toks27
))
\pgf@x=\dimen164
\pgf@y=\dimen165
\pgf@xa=\dimen166
\pgf@ya=\dimen167
\pgf@xb=\dimen168
\pgf@yb=\dimen169
\pgf@xc=\dimen170
\pgf@yc=\dimen171
\pgf@xd=\dimen172
\pgf@yd=\dimen173
\w@pgf@writea=\write3
\r@pgf@reada=\read2
\c@pgf@counta=\count283
\c@pgf@countb=\count284
\c@pgf@countc=\count285
\c@pgf@countd=\count286
\t@pgf@toka=\toks28
\t@pgf@tokb=\toks29
\t@pgf@tokc=\toks30
\pgf@sys@id@count=\count287
 (C:\Users\ijyli\AppData\Local\Programs\MiKTeX\tex/generic/pgf/systemlayer\pgf.cfg
File: pgf.cfg 2020/12/27 v3.1.8b (3.1.8b)
)
Driver file for pgf: pgfsys-pdftex.def
 (C:\Users\ijyli\AppData\Local\Programs\MiKTeX\tex/generic/pgf/systemlayer\pgfsys-pdftex.def
File: pgfsys-pdftex.def 2020/12/27 v3.1.8b (3.1.8b)
 (C:\Users\ijyli\AppData\Local\Programs\MiKTeX\tex/generic/pgf/systemlayer\pgfsys-common-pdf.def
File: pgfsys-common-pdf.def 2020/12/27 v3.1.8b (3.1.8b)
))) (C:\Users\ijyli\AppData\Local\Programs\MiKTeX\tex/generic/pgf/systemlayer\pgfsyssoftpath.code.tex
File: pgfsyssoftpath.code.tex 2020/12/27 v3.1.8b (3.1.8b)
\pgfsyssoftpath@smallbuffer@items=\count288
\pgfsyssoftpath@bigbuffer@items=\count289
) (C:\Users\ijyli\AppData\Local\Programs\MiKTeX\tex/generic/pgf/systemlayer\pgfsysprotocol.code.tex
File: pgfsysprotocol.code.tex 2020/12/27 v3.1.8b (3.1.8b)
)) (C:\Users\ijyli\AppData\Local\Programs\MiKTeX\tex/generic/pgf/basiclayer\pgfcore.code.tex
Package: pgfcore 2020/12/27 v3.1.8b (3.1.8b)
 (C:\Users\ijyli\AppData\Local\Programs\MiKTeX\tex/generic/pgf/math\pgfmath.code.tex (C:\Users\ijyli\AppData\Local\Programs\MiKTeX\tex/generic/pgf/math\pgfmathcalc.code.tex (C:\Users\ijyli\AppData\Local\Programs\MiKTeX\tex/generic/pgf/math\pgfmathutil.code.tex) (C:\Users\ijyli\AppData\Local\Programs\MiKTeX\tex/generic/pgf/math\pgfmathparser.code.tex
\pgfmath@dimen=\dimen174
\pgfmath@count=\count290
\pgfmath@box=\box50
\pgfmath@toks=\toks31
\pgfmath@stack@operand=\toks32
\pgfmath@stack@operation=\toks33
) (C:\Users\ijyli\AppData\Local\Programs\MiKTeX\tex/generic/pgf/math\pgfmathfunctions.code.tex (C:\Users\ijyli\AppData\Local\Programs\MiKTeX\tex/generic/pgf/math\pgfmathfunctions.basic.code.tex) (C:\Users\ijyli\AppData\Local\Programs\MiKTeX\tex/generic/pgf/math\pgfmathfunctions.trigonometric.code.tex) (C:\Users\ijyli\AppData\Local\Programs\MiKTeX\tex/generic/pgf/math\pgfmathfunctions.random.code.tex) (C:\Users\ijyli\AppData\Local\Programs\MiKTeX\tex/generic/pgf/math\pgfmathfunctions.comparison.code.tex) (C:\Users\ijyli\AppData\Local\Programs\MiKTeX\tex/generic/pgf/math\pgfmathfunctions.base.code.tex) (C:\Users\ijyli\AppData\Local\Programs\MiKTeX\tex/generic/pgf/math\pgfmathfunctions.round.code.tex) (C:\Users\ijyli\AppData\Local\Programs\MiKTeX\tex/generic/pgf/math\pgfmathfunctions.misc.code.tex) (C:\Users\ijyli\AppData\Local\Programs\MiKTeX\tex/generic/pgf/math\pgfmathfunctions.integerarithmetics.code.tex))) (C:\Users\ijyli\AppData\Local\Programs\MiKTeX\tex/generic/pgf/math\pgfmathfloat.code.tex
\c@pgfmathroundto@lastzeros=\count291
)) (C:\Users\ijyli\AppData\Local\Programs\MiKTeX\tex/generic/pgf/math\pgfint.code.tex) (C:\Users\ijyli\AppData\Local\Programs\MiKTeX\tex/generic/pgf/basiclayer\pgfcorepoints.code.tex
File: pgfcorepoints.code.tex 2020/12/27 v3.1.8b (3.1.8b)
\pgf@picminx=\dimen175
\pgf@picmaxx=\dimen176
\pgf@picminy=\dimen177
\pgf@picmaxy=\dimen178
\pgf@pathminx=\dimen179
\pgf@pathmaxx=\dimen180
\pgf@pathminy=\dimen181
\pgf@pathmaxy=\dimen182
\pgf@xx=\dimen183
\pgf@xy=\dimen184
\pgf@yx=\dimen185
\pgf@yy=\dimen186
\pgf@zx=\dimen187
\pgf@zy=\dimen188
) (C:\Users\ijyli\AppData\Local\Programs\MiKTeX\tex/generic/pgf/basiclayer\pgfcorepathconstruct.code.tex
File: pgfcorepathconstruct.code.tex 2020/12/27 v3.1.8b (3.1.8b)
\pgf@path@lastx=\dimen189
\pgf@path@lasty=\dimen190
) (C:\Users\ijyli\AppData\Local\Programs\MiKTeX\tex/generic/pgf/basiclayer\pgfcorepathusage.code.tex
File: pgfcorepathusage.code.tex 2020/12/27 v3.1.8b (3.1.8b)
\pgf@shorten@end@additional=\dimen191
\pgf@shorten@start@additional=\dimen192
) (C:\Users\ijyli\AppData\Local\Programs\MiKTeX\tex/generic/pgf/basiclayer\pgfcorescopes.code.tex
File: pgfcorescopes.code.tex 2020/12/27 v3.1.8b (3.1.8b)
\pgfpic=\box51
\pgf@hbox=\box52
\pgf@layerbox@main=\box53
\pgf@picture@serial@count=\count292
) (C:\Users\ijyli\AppData\Local\Programs\MiKTeX\tex/generic/pgf/basiclayer\pgfcoregraphicstate.code.tex
File: pgfcoregraphicstate.code.tex 2020/12/27 v3.1.8b (3.1.8b)
\pgflinewidth=\dimen193
) (C:\Users\ijyli\AppData\Local\Programs\MiKTeX\tex/generic/pgf/basiclayer\pgfcoretransformations.code.tex
File: pgfcoretransformations.code.tex 2020/12/27 v3.1.8b (3.1.8b)
\pgf@pt@x=\dimen194
\pgf@pt@y=\dimen195
\pgf@pt@temp=\dimen196
) (C:\Users\ijyli\AppData\Local\Programs\MiKTeX\tex/generic/pgf/basiclayer\pgfcorequick.code.tex
File: pgfcorequick.code.tex 2020/12/27 v3.1.8b (3.1.8b)
) (C:\Users\ijyli\AppData\Local\Programs\MiKTeX\tex/generic/pgf/basiclayer\pgfcoreobjects.code.tex
File: pgfcoreobjects.code.tex 2020/12/27 v3.1.8b (3.1.8b)
) (C:\Users\ijyli\AppData\Local\Programs\MiKTeX\tex/generic/pgf/basiclayer\pgfcorepathprocessing.code.tex
File: pgfcorepathprocessing.code.tex 2020/12/27 v3.1.8b (3.1.8b)
) (C:\Users\ijyli\AppData\Local\Programs\MiKTeX\tex/generic/pgf/basiclayer\pgfcorearrows.code.tex
File: pgfcorearrows.code.tex 2020/12/27 v3.1.8b (3.1.8b)
\pgfarrowsep=\dimen197
) (C:\Users\ijyli\AppData\Local\Programs\MiKTeX\tex/generic/pgf/basiclayer\pgfcoreshade.code.tex
File: pgfcoreshade.code.tex 2020/12/27 v3.1.8b (3.1.8b)
\pgf@max=\dimen198
\pgf@sys@shading@range@num=\count293
\pgf@shadingcount=\count294
) (C:\Users\ijyli\AppData\Local\Programs\MiKTeX\tex/generic/pgf/basiclayer\pgfcoreimage.code.tex
File: pgfcoreimage.code.tex 2020/12/27 v3.1.8b (3.1.8b)
 (C:\Users\ijyli\AppData\Local\Programs\MiKTeX\tex/generic/pgf/basiclayer\pgfcoreexternal.code.tex
File: pgfcoreexternal.code.tex 2020/12/27 v3.1.8b (3.1.8b)
\pgfexternal@startupbox=\box54
)) (C:\Users\ijyli\AppData\Local\Programs\MiKTeX\tex/generic/pgf/basiclayer\pgfcorelayers.code.tex
File: pgfcorelayers.code.tex 2020/12/27 v3.1.8b (3.1.8b)
) (C:\Users\ijyli\AppData\Local\Programs\MiKTeX\tex/generic/pgf/basiclayer\pgfcoretransparency.code.tex
File: pgfcoretransparency.code.tex 2020/12/27 v3.1.8b (3.1.8b)
) (C:\Users\ijyli\AppData\Local\Programs\MiKTeX\tex/generic/pgf/basiclayer\pgfcorepatterns.code.tex
File: pgfcorepatterns.code.tex 2020/12/27 v3.1.8b (3.1.8b)
) (C:\Users\ijyli\AppData\Local\Programs\MiKTeX\tex/generic/pgf/basiclayer\pgfcorerdf.code.tex
File: pgfcorerdf.code.tex 2020/12/27 v3.1.8b (3.1.8b)
))) (C:\Users\ijyli\AppData\Local\Programs\MiKTeX\tex/generic/pgf/modules\pgfmoduleshapes.code.tex
File: pgfmoduleshapes.code.tex 2020/12/27 v3.1.8b (3.1.8b)
\pgfnodeparttextbox=\box55
) (C:\Users\ijyli\AppData\Local\Programs\MiKTeX\tex/generic/pgf/modules\pgfmoduleplot.code.tex
File: pgfmoduleplot.code.tex 2020/12/27 v3.1.8b (3.1.8b)
) (C:\Users\ijyli\AppData\Local\Programs\MiKTeX\tex/latex/pgf/compatibility\pgfcomp-version-0-65.sty
Package: pgfcomp-version-0-65 2020/12/27 v3.1.8b (3.1.8b)
\pgf@nodesepstart=\dimen199
\pgf@nodesepend=\dimen256
) (C:\Users\ijyli\AppData\Local\Programs\MiKTeX\tex/latex/pgf/compatibility\pgfcomp-version-1-18.sty
Package: pgfcomp-version-1-18 2020/12/27 v3.1.8b (3.1.8b)
)) (C:\Users\ijyli\AppData\Local\Programs\MiKTeX\tex/latex/pgf/utilities\pgffor.sty (C:\Users\ijyli\AppData\Local\Programs\MiKTeX\tex/latex/pgf/utilities\pgfkeys.sty (C:\Users\ijyli\AppData\Local\Programs\MiKTeX\tex/generic/pgf/utilities\pgfkeys.code.tex)) (C:\Users\ijyli\AppData\Local\Programs\MiKTeX\tex/latex/pgf/math\pgfmath.sty (C:\Users\ijyli\AppData\Local\Programs\MiKTeX\tex/generic/pgf/math\pgfmath.code.tex)) (C:\Users\ijyli\AppData\Local\Programs\MiKTeX\tex/generic/pgf/utilities\pgffor.code.tex
Package: pgffor 2020/12/27 v3.1.8b (3.1.8b)
 (C:\Users\ijyli\AppData\Local\Programs\MiKTeX\tex/generic/pgf/math\pgfmath.code.tex)
\pgffor@iter=\dimen257
\pgffor@skip=\dimen258
\pgffor@stack=\toks34
\pgffor@toks=\toks35
)) (C:\Users\ijyli\AppData\Local\Programs\MiKTeX\tex/generic/pgf/frontendlayer/tikz\tikz.code.tex
Package: tikz 2020/12/27 v3.1.8b (3.1.8b)

(C:\Users\ijyli\AppData\Local\Programs\MiKTeX\tex/generic/pgf/libraries\pgflibraryplothandlers.code.tex
File: pgflibraryplothandlers.code.tex 2020/12/27 v3.1.8b (3.1.8b)
\pgf@plot@mark@count=\count295
\pgfplotmarksize=\dimen259
)
\tikz@lastx=\dimen260
\tikz@lasty=\dimen261
\tikz@lastxsaved=\dimen262
\tikz@lastysaved=\dimen263
\tikz@lastmovetox=\dimen264
\tikz@lastmovetoy=\dimen265
\tikzleveldistance=\dimen266
\tikzsiblingdistance=\dimen267
\tikz@figbox=\box56
\tikz@figbox@bg=\box57
\tikz@tempbox=\box58
\tikz@tempbox@bg=\box59
\tikztreelevel=\count296
\tikznumberofchildren=\count297
\tikznumberofcurrentchild=\count298
\tikz@fig@count=\count299
 (C:\Users\ijyli\AppData\Local\Programs\MiKTeX\tex/generic/pgf/modules\pgfmodulematrix.code.tex
File: pgfmodulematrix.code.tex 2020/12/27 v3.1.8b (3.1.8b)
\pgfmatrixcurrentrow=\count300
\pgfmatrixcurrentcolumn=\count301
\pgf@matrix@numberofcolumns=\count302
)
\tikz@expandcount=\count303
 (C:\Users\ijyli\AppData\Local\Programs\MiKTeX\tex/generic/pgf/frontendlayer/tikz/libraries\tikzlibrarytopaths.code.tex
File: tikzlibrarytopaths.code.tex 2020/12/27 v3.1.8b (3.1.8b)
))) (C:\Users\ijyli\AppData\Local\Programs\MiKTeX\tex/generic/pgf/frontendlayer/tikz/libraries\tikzlibrarypositioning.code.tex
File: tikzlibrarypositioning.code.tex 2020/12/27 v3.1.8b (3.1.8b)
) (C:\Users\ijyli\AppData\Local\Programs\MiKTeX\tex/generic/pgf/frontendlayer/tikz/libraries\tikzlibraryshadows.code.tex
File: tikzlibraryshadows.code.tex 2020/12/27 v3.1.8b (3.1.8b)
 (C:\Users\ijyli\AppData\Local\Programs\MiKTeX\tex/generic/pgf/frontendlayer/tikz/libraries\tikzlibraryfadings.code.tex
File: tikzlibraryfadings.code.tex 2020/12/27 v3.1.8b (3.1.8b)
 (C:\Users\ijyli\AppData\Local\Programs\MiKTeX\tex/generic/pgf/libraries\pgflibraryfadings.code.tex
File: pgflibraryfadings.code.tex 2020/12/27 v3.1.8b (3.1.8b)
))) (C:\Users\ijyli\AppData\Local\Programs\MiKTeX\tex/latex/latex-tools\calc.sty
Package: calc 2017/05/25 v4.3 Infix arithmetic (KKT,FJ)
\calc@Acount=\count304
\calc@Bcount=\count305
\calc@Adimen=\dimen268
\calc@Bdimen=\dimen269
\calc@Askip=\skip55
\calc@Bskip=\skip56
LaTeX Info: Redefining \setlength on input line 80.
LaTeX Info: Redefining \addtolength on input line 81.
\calc@Ccount=\count306
\calc@Cskip=\skip57
)
\c@@todonotes@numberoftodonotes=\count307
) (C:\Users\ijyli\AppData\Local\Programs\MiKTeX\tex/latex/booktabs\booktabs.sty
Package: booktabs 2020/01/12 v1.61803398 Publication quality tables
\heavyrulewidth=\dimen270
\lightrulewidth=\dimen271
\cmidrulewidth=\dimen272
\belowrulesep=\dimen273
\belowbottomsep=\dimen274
\aboverulesep=\dimen275
\abovetopsep=\dimen276
\cmidrulesep=\dimen277
\cmidrulekern=\dimen278
\defaultaddspace=\dimen279
\@cmidla=\count308
\@cmidlb=\count309
\@aboverulesep=\dimen280
\@belowrulesep=\dimen281
\@thisruleclass=\count310
\@lastruleclass=\count311
\@thisrulewidth=\dimen282
) (C:\Users\ijyli\AppData\Local\Programs\MiKTeX\tex/latex/graphics\lscape.sty
Package: lscape 2020/05/28 v3.02 Landscape Pages (DPC)
) (C:\Users\ijyli\AppData\Local\Programs\MiKTeX\tex/latex/caption\caption.sty
Package: caption 2020/10/26 v3.5g Customizing captions (AR)
 (C:\Users\ijyli\AppData\Local\Programs\MiKTeX\tex/latex/caption\caption3.sty
Package: caption3 2020/10/21 v2.2e caption3 kernel (AR)
\captionmargin=\dimen283
\captionmargin@=\dimen284
\captionwidth=\dimen285
\caption@tempdima=\dimen286
\caption@indent=\dimen287
\caption@parindent=\dimen288
\caption@hangindent=\dimen289
Package caption Info: Standard document class detected.
)
\c@caption@flags=\count312
\c@continuedfloat=\count313
Package caption Info: hyperref package is loaded.
) (C:\Users\ijyli\AppData\Local\Programs\MiKTeX\tex/latex/bbm\bbm.sty
Package: bbm 1999/03/15 V 1.2 provides fonts for set symbols - TH
LaTeX Font Info:    Overwriting math alphabet `\mathbbm' in version `bold'
(Font)                  U/bbm/m/n --> U/bbm/bx/n on input line 33.
LaTeX Font Info:    Overwriting math alphabet `\mathbbmss' in version `bold'
(Font)                  U/bbmss/m/n --> U/bbmss/bx/n on input line 35.
) (C:\Users\ijyli\AppData\Local\Programs\MiKTeX\tex/latex/comment\comment.sty
\CommentStream=\write4
 Excluding comment 'comment') (C:\Users\ijyli\AppData\Local\Programs\MiKTeX\tex/latex/latex-tools\longtable.sty
Package: longtable 2020/01/07 v4.13 Multi-page Table package (DPC)
\LTleft=\skip58
\LTright=\skip59
\LTpre=\skip60
\LTpost=\skip61
\LTchunksize=\count314
\LTcapwidth=\dimen290
\LT@head=\box60
\LT@firsthead=\box61
\LT@foot=\box62
\LT@lastfoot=\box63
\LT@cols=\count315
\LT@rows=\count316
\c@LT@tables=\count317
\c@LT@chunks=\count318
\LT@p@ftn=\toks36
) (C:\Users\ijyli\AppData\Local\Programs\MiKTeX\tex/latex/caption\subcaption.sty
Package: subcaption 2020/10/07 v1.3j Sub-captions (AR)
\c@subfigure=\count319
\c@subtable=\count320
) (C:\Users\ijyli\AppData\Local\Programs\MiKTeX\tex/generic/babel\babel.sty
Package: babel 2021/03/24 3.56 The Babel package
 (C:\Users\ijyli\AppData\Local\Programs\MiKTeX\tex/generic/babel\babel.def
File: babel.def 2021/03/24 3.56 Babel common definitions
\babel@savecnt=\count321
\U@D=\dimen291
\l@babelnohyphens=\language79
 (C:\Users\ijyli\AppData\Local\Programs\MiKTeX\tex/generic/babel\txtbabel.def)
\bbl@readstream=\read3
)
\bbl@dirlevel=\count322

*************************************
* Local config file bblopts.cfg used
*
(C:\Users\ijyli\AppData\Local\Programs\MiKTeX\tex/latex/arabi\bblopts.cfg
File: bblopts.cfg 2005/09/08 v0.1 add Arabic and Farsi to "declared" options of babel
)
Package babel Info: You haven't specified a language. I'll use 'nil'
(babel)             as the main language. Reported on input line 1160.
 (C:\Users\ijyli\AppData\Local\Programs\MiKTeX\tex/generic/babel\nil.ldf
Language: nil 2021/03/24 3.56 Nil language
\l@nil=\language80
)) (C:\Users\ijyli\AppData\Local\Programs\MiKTeX\tex/latex/csquotes\csquotes.sty
Package: csquotes 2021-02-22 v5.2l context-sensitive quotations (JAW)
 (C:\Users\ijyli\AppData\Local\Programs\MiKTeX\tex/latex/etoolbox\etoolbox.sty
Package: etoolbox 2020/10/05 v2.5k e-TeX tools for LaTeX (JAW)
\etb@tempcnta=\count323
)
\csq@reset=\count324
\csq@gtype=\count325
\csq@glevel=\count326
\csq@qlevel=\count327
\csq@maxlvl=\count328
\csq@tshold=\count329
\csq@ltx@everypar=\toks37
 (C:\Users\ijyli\AppData\Local\Programs\MiKTeX\tex/latex/csquotes\csquotes.def
File: csquotes.def 2021-02-22 v5.2l csquotes generic definitions (JAW)
)
Package csquotes Info: Trying to load configuration file 'csquotes.cfg'...
Package csquotes Info: ... configuration file loaded successfully.
 (C:\Users\ijyli\AppData\Local\Programs\MiKTeX\tex/latex/csquotes\csquotes.cfg
File: csquotes.cfg 
)
Package csquotes Info: Enabling multilingual quotes.
Package csquotes Info: Redefining alias 'english' -> 'english/american'.
)
Package csquotes Info: Allocating character ".
Package hyperref Info: Option `colorlinks' set `true' on input line 46.
Package csquotes Info: Checking for multilingual support...
Package csquotes Info: ... found 'babel' package.
 (C:\Users\ijyli\AppData\Local\Programs\MiKTeX\tex/latex/l3backend\l3backend-pdftex.def
File: l3backend-pdftex.def 2021-03-18 L3 backend support: PDF output (pdfTeX)
\l__color_backend_stack_int=\count330
\l__pdf_internal_box=\box64
) (c:/Users\ijyli\repo\Commitment_Institutions_Instability\Release\Paper\Liu- Commitment Institutions and Instability.aux)
\openout1 = `"Liu- Commitment Institutions and Instability.aux"'.

LaTeX Font Info:    Checking defaults for OML/cmm/m/it on input line 48.
LaTeX Font Info:    ... okay on input line 48.
LaTeX Font Info:    Checking defaults for OMS/cmsy/m/n on input line 48.
LaTeX Font Info:    ... okay on input line 48.
LaTeX Font Info:    Checking defaults for OT1/cmr/m/n on input line 48.
LaTeX Font Info:    ... okay on input line 48.
LaTeX Font Info:    Checking defaults for T1/cmr/m/n on input line 48.
LaTeX Font Info:    ... okay on input line 48.
LaTeX Font Info:    Checking defaults for TS1/cmr/m/n on input line 48.
LaTeX Font Info:    ... okay on input line 48.
LaTeX Font Info:    Checking defaults for OMX/cmex/m/n on input line 48.
LaTeX Font Info:    ... okay on input line 48.
LaTeX Font Info:    Checking defaults for U/cmr/m/n on input line 48.
LaTeX Font Info:    ... okay on input line 48.
LaTeX Font Info:    Checking defaults for PD1/pdf/m/n on input line 48.
LaTeX Font Info:    ... okay on input line 48.
LaTeX Font Info:    Checking defaults for PU/pdf/m/n on input line 48.
LaTeX Font Info:    ... okay on input line 48.
 (C:\Users\ijyli\AppData\Local\Programs\MiKTeX\tex/context/base/mkii\supp-pdf.mkii
[Loading MPS to PDF converter (version 2006.09.02).]
\scratchcounter=\count331
\scratchdimen=\dimen292
\scratchbox=\box65
\nofMPsegments=\count332
\nofMParguments=\count333
\everyMPshowfont=\toks38
\MPscratchCnt=\count334
\MPscratchDim=\dimen293
\MPnumerator=\count335
\makeMPintoPDFobject=\count336
\everyMPtoPDFconversion=\toks39
) (C:\Users\ijyli\AppData\Local\Programs\MiKTeX\tex/latex/epstopdf-pkg\epstopdf-base.sty
Package: epstopdf-base 2020-01-24 v2.11 Base part for package epstopdf
 (C:\Users\ijyli\AppData\Local\Programs\MiKTeX\tex/latex/grfext\grfext.sty
Package: grfext 2019/12/03 v1.3 Manage graphics extensions (HO)
)
Package epstopdf-base Info: Redefining graphics rule for `.eps' on input line 485.
Package grfext Info: Graphics extension search list:
(grfext)             [.pdf,.png,.jpg,.mps,.jpeg,.jbig2,.jb2,.PDF,.PNG,.JPG,.JPEG,.JBIG2,.JB2,.eps]
(grfext)             \AppendGraphicsExtensions on input line 504.
 (C:\Users\ijyli\AppData\Local\Programs\MiKTeX\tex/latex/00miktex\epstopdf-sys.cfg
File: epstopdf-sys.cfg 2021/03/18 v2.0 Configuration of epstopdf for MiKTeX
))
*geometry* driver: auto-detecting
*geometry* detected driver: pdftex
*geometry* verbose mode - [ preamble ] result:
* driver: pdftex
* paper: <default>
* layout: <same size as paper>
* layoutoffset:(h,v)=(0.0pt,0.0pt)
* modes: 
* h-part:(L,W,R)=(54.2025pt, 505.89pt, 54.2025pt)
* v-part:(T,H,B)=(51.31218pt, 692.34563pt, 51.31218pt)
* \paperwidth=614.295pt
* \paperheight=794.96999pt
* \textwidth=505.89pt
* \textheight=692.34563pt
* \oddsidemargin=-18.06749pt
* \evensidemargin=-18.06749pt
* \topmargin=-57.95781pt
* \headheight=12.0pt
* \headsep=25.0pt
* \topskip=10.0pt
* \footskip=30.0pt
* \marginparwidth=65.0pt
* \marginparsep=11.0pt
* \columnsep=10.0pt
* \skip\footins=9.0pt plus 4.0pt minus 2.0pt
* \hoffset=0.0pt
* \voffset=0.0pt
* \mag=1000
* \@twocolumnfalse
* \@twosidefalse
* \@mparswitchfalse
* \@reversemarginfalse
* (1in=72.27pt=25.4mm, 1cm=28.453pt)

Package hyperref Info: Link coloring ON on input line 48.
(C:\Users\ijyli\AppData\Local\Programs\MiKTeX\tex/latex/hyperref\nameref.sty
Package: nameref 2021-04-02 v2.47 Cross-referencing by name of section
 (C:\Users\ijyli\AppData\Local\Programs\MiKTeX\tex/latex/refcount\refcount.sty
Package: refcount 2019/12/15 v3.6 Data extraction from label references (HO)
) (C:\Users\ijyli\AppData\Local\Programs\MiKTeX\tex/generic/gettitlestring\gettitlestring.sty
Package: gettitlestring 2019/12/15 v1.6 Cleanup title references (HO)
)
\c@section@level=\count337
)
LaTeX Info: Redefining \ref on input line 48.
LaTeX Info: Redefining \pageref on input line 48.
LaTeX Info: Redefining \nameref on input line 48.
 (c:/Users\ijyli\repo\Commitment_Institutions_Instability\Release\Paper\Liu- Commitment Institutions and Instability.out) (c:/Users\ijyli\repo\Commitment_Institutions_Instability\Release\Paper\Liu- Commitment Institutions and Instability.out)
\@outlinefile=\write5
\openout5 = `"Liu- Commitment Institutions and Instability.out"'.

Package caption Info: Begin \AtBeginDocument code.
Package caption Info: longtable package is loaded.
 (C:\Users\ijyli\AppData\Local\Programs\MiKTeX\tex/latex/caption\ltcaption.sty
Package: ltcaption 2020/05/30 v1.4b longtable captions (AR)
)
Package caption Info: End \AtBeginDocument code.
Package csquotes Info: Making character " active on input line 48.
LaTeX Font Info:    Trying to load font information for OT1+pplx on input line 51.
 (C:\Users\ijyli\AppData\Local\Programs\MiKTeX\tex/latex/psnfss\ot1pplx.fd
File: ot1pplx.fd 2004/09/06 font definitions for OT1/pplx.
)
LaTeX Font Info:    Trying to load font information for OML+zplm on input line 51.
 (C:\Users\ijyli\AppData\Local\Programs\MiKTeX\tex/latex/psnfss\omlzplm.fd
File: omlzplm.fd 2002/09/08 Fontinst v1.914 font definitions for OML/zplm.
)
LaTeX Font Info:    Trying to load font information for OMS+zplm on input line 51.
 (C:\Users\ijyli\AppData\Local\Programs\MiKTeX\tex/latex/psnfss\omszplm.fd
File: omszplm.fd 2002/09/08 Fontinst v1.914 font definitions for OMS/zplm.
)
LaTeX Font Info:    Trying to load font information for OMX+zplm on input line 51.
 (C:\Users\ijyli\AppData\Local\Programs\MiKTeX\tex/latex/psnfss\omxzplm.fd
File: omxzplm.fd 2002/09/08 Fontinst v1.914 font definitions for OMX/zplm.
)
LaTeX Font Info:    Trying to load font information for OT1+zplm on input line 51.
 (C:\Users\ijyli\AppData\Local\Programs\MiKTeX\tex/latex/psnfss\ot1zplm.fd
File: ot1zplm.fd 2002/09/08 Fontinst v1.914 font definitions for OT1/zplm.
)
LaTeX Font Info:    Font shape `U/msa/m/n' will be
(Font)              scaled to size 12.50409pt on input line 51.
LaTeX Font Info:    Font shape `U/msa/m/n' will be
(Font)              scaled to size 9.37807pt on input line 51.
LaTeX Font Info:    Font shape `U/msa/m/n' will be
(Font)              scaled to size 7.29405pt on input line 51.
LaTeX Font Info:    Font shape `U/msb/m/n' will be
(Font)              scaled to size 12.50409pt on input line 51.
LaTeX Font Info:    Font shape `U/msb/m/n' will be
(Font)              scaled to size 9.37807pt on input line 51.
LaTeX Font Info:    Font shape `U/msb/m/n' will be
(Font)              scaled to size 7.29405pt on input line 51.
LaTeX Font Info:    Trying to load font information for TS1+pplx on input line 51.
 (C:\Users\ijyli\AppData\Local\Programs\MiKTeX\tex/latex/psnfss\ts1pplx.fd
File: ts1pplx.fd 2004/09/06 font definitions for TS1/pplx.
)
LaTeX Font Info:    Font shape `U/msa/m/n' will be
(Font)              scaled to size 8.33606pt on input line 51.
LaTeX Font Info:    Font shape `U/msa/m/n' will be
(Font)              scaled to size 6.25204pt on input line 51.
LaTeX Font Info:    Font shape `U/msa/m/n' will be
(Font)              scaled to size 5.21004pt on input line 51.
LaTeX Font Info:    Font shape `U/msb/m/n' will be
(Font)              scaled to size 8.33606pt on input line 51.
LaTeX Font Info:    Font shape `U/msb/m/n' will be
(Font)              scaled to size 6.25204pt on input line 51.
LaTeX Font Info:    Font shape `U/msb/m/n' will be
(Font)              scaled to size 5.21004pt on input line 51.

Overfull \hbox (9.91304pt too wide) in paragraph at lines 53--54
[]\T1/pplx/m/n/9 In this paper, I take a reduced form approach to test whether the limiting institutions of central bank independence
 []


Overfull \hbox (4.81068pt too wide) in paragraph at lines 53--54
\T1/pplx/m/n/9 among social welfare, political business cycle, and economic voting theories, which provide for numerous competing
 []

[1

{C:/Users/ijyli/AppData/Local/MiKTeX/pdftex/config/pdftex.map}] [2

] [3]
LaTeX Font Info:    Font shape `U/msa/m/n' will be
(Font)              scaled to size 10.42007pt on input line 93.
LaTeX Font Info:    Font shape `U/msa/m/n' will be
(Font)              scaled to size 7.91925pt on input line 93.
LaTeX Font Info:    Font shape `U/msb/m/n' will be
(Font)              scaled to size 10.42007pt on input line 93.
LaTeX Font Info:    Font shape `U/msb/m/n' will be
(Font)              scaled to size 7.91925pt on input line 93.
 [4] [5]
Overfull \hbox (10.6197pt too wide) in paragraph at lines 121--122
\T1/pplx/m/n/10 implied instability consequences of welfare effects of limiting institutions fit well with findings of mostly retrospective
 []

[6]
<../../Output/Figures/Social_Welfare_Model.png, id=197, 433.62pt x 252.945pt>
File: ../../Output/Figures/Social_Welfare_Model.png Graphic file (type png)
<use ../../Output/Figures/Social_Welfare_Model.png>
Package pdftex.def Info: ../../Output/Figures/Social_Welfare_Model.png  used on input line 142.
(pdftex.def)             Requested size: 252.94499pt x 147.55345pt.
<../../Output/Figures/Political_Business_Cycle_Model.png, id=198, 433.62pt x 252.945pt>
File: ../../Output/Figures/Political_Business_Cycle_Model.png Graphic file (type png)
<use ../../Output/Figures/Political_Business_Cycle_Model.png>
Package pdftex.def Info: ../../Output/Figures/Political_Business_Cycle_Model.png  used on input line 148.
(pdftex.def)             Requested size: 252.94499pt x 147.55345pt.


LaTeX Warning: `!h' float specifier changed to `!ht'.

[7]
Overfull \hbox (7.91562pt too wide) in paragraph at lines 161--162
\T1/pplx/m/n/10 Importantly, I argue that both works on the topic are faced with potential endogeneity problems. Several institutional
 []

[8 <../../Output/Figures/Social_Welfare_Model.png> <../../Output/Figures/Political_Business_Cycle_Model.png>] [9]
Overfull \hbox (3.80963pt too wide) in paragraph at lines 175--176
\T1/pplx/m/n/10 terms of the relationship between statutory independence and actual inflation outcomes has also been demonstrated
 []


Overfull \hbox (3.63971pt too wide) in paragraph at lines 177--178
\T1/pplx/m/n/10 strong in the period before the 1990s, when independent central banking was internationalized. Notable examples
 []


Overfull \hbox (0.15976pt too wide) in paragraph at lines 181--182
\T1/pplx/m/n/10 This can provide a helpful complement motivating central bank independence, as committed central bank reactions
 []


Overfull \hbox (2.98633pt too wide) in paragraph at lines 181--182
\T1/pplx/m/n/10 to negotiation developments improve outcomes ([][]Hall and Franzese[][], [][]1998[][]). Inflation expectations are also controlled,
 []


Overfull \hbox (4.36975pt too wide) in paragraph at lines 183--184
\T1/pplx/m/n/10 central bank independence and decreased instability, we may obtain an underestimate of the effects of independence
 []

[10]
Overfull \hbox (3.70966pt too wide) in paragraph at lines 201--202
\T1/pplx/m/n/10 independence in terms of the irregular turnover of central bank governors as an independent variable in regressions.
 []


Overfull \hbox (4.78969pt too wide) in paragraph at lines 203--204
\T1/pplx/m/n/10 Aggregate Governance Indicators Dataset on national measures such as rule of law and voice and accountability
 []

[11]
Overfull \hbox (4.16898pt too wide) in paragraph at lines 205--206
[]\T1/pplx/m/n/10 Therefore, I introduce a novel instrument for central bank independence in the form of tertiary education enrollment
 []


Overfull \hbox (1.07828pt too wide) in paragraph at lines 207--208
\T1/pplx/m/n/10 Here I abstract from technical assistance programs provided by the IMF and other organizations that may substitute
 []

[12] [13] [14] (../../Output/Tables/multIndOLSDJ.tex) (../../Output/Tables/multIndOLSDF.tex) (../../Output/Tables/multIndFEDJ.tex) (../../Output/Tables/multIndFEDF.tex) [15] [16] (../../Output/Tables/ordLogDJ.tex) (../../Output/Tables/ordLogDF.tex) [17] [18] (../../Output/Tables/margsJustBinInstabEventDJ.tex) (../../Output/Tables/margsJustBinInstabEventDF.tex) [19] (../../Output/Tables/ifivs.tex) (../../Output/Tables/ifivs2.tex) (../../Output/Tables/ifivs3.tex) (../../Output/Tables/ifivs4.tex) (../../Output/Tables/miniRRIVs.tex) [20] [21] (../../Output/Tables/lagsDJ.tex [22]) (../../Output/Tables/lagsDF.tex [23] [24]) (../../Output/Tables/lagordLogLogDJ.tex [25] [26]) (../../Output/Tables/lagordLogLogDF.tex [27] [28]) (../../Output/Tables/intlagsDJ.tex
Overfull \hbox (21.82967pt too wide) in alignment at lines 3--5
 [] [] [] [] [] [] 
 []


Overfull \hbox (21.82967pt too wide) in alignment at lines 5--5
 [] [] [] [] [] [] 
 []


Overfull \hbox (21.82967pt too wide) in alignment at lines 5--5
 [] [] [] [] [] [] 
 []


Overfull \hbox (21.82967pt too wide) in alignment at lines 5--5
 [] [] [] [] [] [] 
 []


Overfull \hbox (21.82967pt too wide) in alignment at lines 5--35
 [] [] [] [] [] [] 
 []


Overfull \hbox (21.82967pt too wide) in alignment at lines 35--65
 [] [] [] [] [] [] 
 []

[29]
Overfull \hbox (21.82967pt too wide) in alignment at lines 65--95
 [] [] [] [] [] [] 
 []


Overfull \hbox (21.82967pt too wide) in alignment at lines 95--115
 [] [] [] [] [] [] 
 []

[30]) (../../Output/Tables/intlagsDF.tex
Overfull \hbox (27.49968pt too wide) in alignment at lines 3--5
 [] [] [] [] [] [] 
 []


Overfull \hbox (27.49968pt too wide) in alignment at lines 5--5
 [] [] [] [] [] [] 
 []


Overfull \hbox (27.49968pt too wide) in alignment at lines 5--5
 [] [] [] [] [] [] 
 []


Overfull \hbox (27.49968pt too wide) in alignment at lines 5--5
 [] [] [] [] [] [] 
 []


Overfull \hbox (27.49968pt too wide) in alignment at lines 5--35
 [] [] [] [] [] [] 
 []


Overfull \hbox (27.49968pt too wide) in alignment at lines 35--65
 [] [] [] [] [] [] 
 []

[31]
Overfull \hbox (27.49968pt too wide) in alignment at lines 65--95
 [] [] [] [] [] [] 
 []


Overfull \hbox (27.49968pt too wide) in alignment at lines 95--115
 [] [] [] [] [] [] 
 []

[32]) [33] (../../Output/Tables/intlagordLogLogDJ.tex [34] [35]) (../../Output/Tables/intlagordLogLogDF.tex [36] [37] [38]) [39] [40] [41] [42] [43] [44] [45]
Overfull \hbox (0.62962pt too wide) in paragraph at lines 411--412
[]\T1/pplx/m/n/10 In the institutional controls regression presented, if there is interest in the actual impact of controls, the specification
 []


Overfull \hbox (8.84569pt too wide) in paragraph at lines 417--418
[]\T1/pplx/m/n/10 A few minor adjustments to methodology were also considered but have not yet been implemented. The applicability
 []


Overfull \hbox (12.94969pt too wide) in paragraph at lines 419--420
[]\T1/pplx/m/n/10 Previous literature made use of adjustment for endogenous election calling, particularly in parliamentary democracies
 []


Overfull \hbox (5.2497pt too wide) in paragraph at lines 421--422
\T1/pplx/m/n/10 given levels of polity executive constraints or electoral versus political stability given levels of polity competitiveness,
 []

[46] [47] (c:/Users\ijyli\repo\Commitment_Institutions_Instability\Release\Paper\Liu- Commitment Institutions and Instability.bbl
Underfull \hbox (badness 1400) in paragraph at lines 9--12
[]\T1/pplx/b/n/10 Alesina, Alberto, and Lawrence H. Summers. \T1/pplx/m/n/10 1993. ``Central Bank Independence and Macroeconomic
 []

[48

]
Underfull \hbox (badness 2229) in paragraph at lines 191--194
[]\T1/pplx/b/n/10 Gallagher, Kevin. \T1/pplx/m/n/10 2010. ``Capital controls back in IMF toolkit | Kevin Gallagher.'' Library Catalog:
 []

[49]
Underfull \hbox (badness 2343) in paragraph at lines 270--272
[]\T1/pplx/b/n/10 Jones, Erik, and Matthias Matthijs. \T1/pplx/m/n/10 2019. ``Rethinking Central-Bank Independence.'' Library Catalog:
 []

[50] [51]) [52] (../../Output/Tables/sumstatsAll.tex [53

] [54] [55]) (../../Output/Tables/irregtdHOGalone.tex) (../../Output/Tables/timeinoffHOGalone.tex) (../../Output/Tables/WBratesalone.tex) (../../Output/Tables/instabRRalone.tex) (../../Output/Tables/coeffordLogDJ.tex) (../../Output/Tables/coeffordLogDF.tex) (../../Output/Tables/coeffsJustBinInstabEventDJ.tex) (../../Output/Tables/coeffsJustBinInstabEventDF.tex) (../../Output/Tables/fullcmultIndFEDJ.tex
Overfull \hbox (9.84961pt too wide) in paragraph at lines 4--44
 [][] 
 []

) (../../Output/Tables/fullcmultIndFEDF.tex
Overfull \hbox (9.84961pt too wide) in paragraph at lines 4--44
 [][] 
 []

) (../../Output/Tables/nccmultIndFEDJ.tex) (../../Output/Tables/nccmultIndFEDF.tex) [56] [57] [58] [59] [60] [61] (../../Output/Tables/logitFEMultIndDJ.tex) (../../Output/Tables/logitFEMultIndDF.tex) (../../Output/Tables/logitFEMultInd2DJ.tex) (../../Output/Tables/logitFEMultInd2DF.tex) [62

] [63] (../../Output/Tables/binaryIndFEDJ.tex) (../../Output/Tables/binaryIndFEDF.tex) [64

] (../../Output/Tables/hiKfivs.tex) (../../Output/Tables/hiKfivs2.tex) [65

] (../../Output/Tables/lowKIfivs.tex) (../../Output/Tables/lowKIfivs2.tex) [66

] (../../Output/Tables/kapintlagsDJ.tex
Overfull \hbox (49.37967pt too wide) in alignment at lines 3--5
 [] [] [] [] [] [] 
 []


Overfull \hbox (49.37967pt too wide) in alignment at lines 5--5
 [] [] [] [] [] [] 
 []


Overfull \hbox (49.37967pt too wide) in alignment at lines 5--5
 [] [] [] [] [] [] 
 []


Overfull \hbox (49.37967pt too wide) in alignment at lines 5--5
 [] [] [] [] [] [] 
 []


Overfull \hbox (49.37967pt too wide) in alignment at lines 5--35
 [] [] [] [] [] [] 
 []


Overfull \hbox (49.37967pt too wide) in alignment at lines 35--65
 [] [] [] [] [] [] 
 []


Overfull \hbox (49.37967pt too wide) in alignment at lines 65--95
 [] [] [] [] [] [] 
 []

[67

]
Overfull \hbox (49.37967pt too wide) in alignment at lines 95--125
 [] [] [] [] [] [] 
 []


Overfull \hbox (49.37967pt too wide) in alignment at lines 125--155
 [] [] [] [] [] [] 
 []

[68]
Overfull \hbox (49.37967pt too wide) in alignment at lines 155--185
 [] [] [] [] [] [] 
 []


Overfull \hbox (49.37967pt too wide) in alignment at lines 185--214
 [] [] [] [] [] [] 
 []

[69] [70]) (../../Output/Tables/kapintlagsDF.tex
Overfull \hbox (55.04968pt too wide) in alignment at lines 3--5
 [] [] [] [] [] [] 
 []


Overfull \hbox (55.04968pt too wide) in alignment at lines 5--5
 [] [] [] [] [] [] 
 []


Overfull \hbox (55.04968pt too wide) in alignment at lines 5--5
 [] [] [] [] [] [] 
 []


Overfull \hbox (55.04968pt too wide) in alignment at lines 5--5
 [] [] [] [] [] [] 
 []


Overfull \hbox (55.04968pt too wide) in alignment at lines 5--35
 [] [] [] [] [] [] 
 []


Overfull \hbox (55.04968pt too wide) in alignment at lines 35--65
 [] [] [] [] [] [] 
 []


Overfull \hbox (55.04968pt too wide) in alignment at lines 65--95
 [] [] [] [] [] [] 
 []

[71]
Overfull \hbox (55.04968pt too wide) in alignment at lines 95--125
 [] [] [] [] [] [] 
 []


Overfull \hbox (55.04968pt too wide) in alignment at lines 125--155
 [] [] [] [] [] [] 
 []

[72]
Overfull \hbox (55.04968pt too wide) in alignment at lines 155--185
 [] [] [] [] [] [] 
 []

[73]
Overfull \hbox (55.04968pt too wide) in alignment at lines 185--214
 [] [] [] [] [] [] 
 []

[74]) [75] (../../Output/Tables/kapintlagordLogLogDJ.tex [76

] [77] [78] [79]) (../../Output/Tables/kapintlagordLogLogDF.tex [80] [81] [82] [83]) [84] (../../Output/Tables/demIfivs.tex) (../../Output/Tables/demIfivs2.tex) (../../Output/Tables/ndemIfivs.tex) (../../Output/Tables/ndemIfivs2.tex) [85

] [86] (../../Output/Tables/demintlagsDJ.tex
Overfull \hbox (27.56967pt too wide) in alignment at lines 3--5
 [] [] [] [] [] [] 
 []


Overfull \hbox (27.56967pt too wide) in alignment at lines 5--5
 [] [] [] [] [] [] 
 []


Overfull \hbox (27.56967pt too wide) in alignment at lines 5--5
 [] [] [] [] [] [] 
 []


Overfull \hbox (27.56967pt too wide) in alignment at lines 5--5
 [] [] [] [] [] [] 
 []


Overfull \hbox (27.56967pt too wide) in alignment at lines 5--35
 [] [] [] [] [] [] 
 []


Overfull \hbox (27.56967pt too wide) in alignment at lines 35--65
 [] [] [] [] [] [] 
 []


Overfull \hbox (27.56967pt too wide) in alignment at lines 65--95
 [] [] [] [] [] [] 
 []

[87

]
Overfull \hbox (27.56967pt too wide) in alignment at lines 95--125
 [] [] [] [] [] [] 
 []


Overfull \hbox (27.56967pt too wide) in alignment at lines 125--155
 [] [] [] [] [] [] 
 []

[88]
Overfull \hbox (27.56967pt too wide) in alignment at lines 155--181
 [] [] [] [] [] [] 
 []

[89]) (../../Output/Tables/demintlagsDF.tex
Overfull \hbox (33.23969pt too wide) in alignment at lines 3--5
 [] [] [] [] [] [] 
 []


Overfull \hbox (33.23969pt too wide) in alignment at lines 5--5
 [] [] [] [] [] [] 
 []


Overfull \hbox (33.23969pt too wide) in alignment at lines 5--5
 [] [] [] [] [] [] 
 []


Overfull \hbox (33.23969pt too wide) in alignment at lines 5--5
 [] [] [] [] [] [] 
 []


Overfull \hbox (33.23969pt too wide) in alignment at lines 5--35
 [] [] [] [] [] [] 
 []


Overfull \hbox (33.23969pt too wide) in alignment at lines 35--65
 [] [] [] [] [] [] 
 []

[90]
Overfull \hbox (33.23969pt too wide) in alignment at lines 65--95
 [] [] [] [] [] [] 
 []


Overfull \hbox (33.23969pt too wide) in alignment at lines 95--125
 [] [] [] [] [] [] 
 []

[91]
Overfull \hbox (33.23969pt too wide) in alignment at lines 125--155
 [] [] [] [] [] [] 
 []


Overfull \hbox (33.23969pt too wide) in alignment at lines 155--181
 [] [] [] [] [] [] 
 []

[92]) [93] (../../Output/Tables/demintlagordLogLogDJ.tex [94

] [95] [96]) (../../Output/Tables/demintlagordLogLogDF.tex [97] [98] [99] [100]) [101] (../../Output/Tables/hoshogfivs.tex) (../../Output/Tables/hoshogfivs2.tex) [102

] (../../Output/Tables/NOhoshogIfivs.tex) (../../Output/Tables/NOhoshogIfivs2.tex) [103

] (../../Output/Tables/hoshogintlagsDJ.tex
Overfull \hbox (31.77966pt too wide) in alignment at lines 3--5
 [] [] [] [] [] [] 
 []


Overfull \hbox (31.77966pt too wide) in alignment at lines 5--5
 [] [] [] [] [] [] 
 []


Overfull \hbox (31.77966pt too wide) in alignment at lines 5--5
 [] [] [] [] [] [] 
 []


Overfull \hbox (31.77966pt too wide) in alignment at lines 5--5
 [] [] [] [] [] [] 
 []


Overfull \hbox (31.77966pt too wide) in alignment at lines 5--35
 [] [] [] [] [] [] 
 []


Overfull \hbox (31.77966pt too wide) in alignment at lines 35--65
 [] [] [] [] [] [] 
 []


Overfull \hbox (31.77966pt too wide) in alignment at lines 65--95
 [] [] [] [] [] [] 
 []

[104

]
Overfull \hbox (31.77966pt too wide) in alignment at lines 95--125
 [] [] [] [] [] [] 
 []


Overfull \hbox (31.77966pt too wide) in alignment at lines 125--155
 [] [] [] [] [] [] 
 []

[105]
Overfull \hbox (31.77966pt too wide) in alignment at lines 155--181
 [] [] [] [] [] [] 
 []

[106]) (../../Output/Tables/hoshogintlagsDF.tex
Overfull \hbox (37.44968pt too wide) in alignment at lines 3--5
 [] [] [] [] [] [] 
 []


Overfull \hbox (37.44968pt too wide) in alignment at lines 5--5
 [] [] [] [] [] [] 
 []


Overfull \hbox (37.44968pt too wide) in alignment at lines 5--5
 [] [] [] [] [] [] 
 []


Overfull \hbox (37.44968pt too wide) in alignment at lines 5--5
 [] [] [] [] [] [] 
 []


Overfull \hbox (37.44968pt too wide) in alignment at lines 5--35
 [] [] [] [] [] [] 
 []


Overfull \hbox (37.44968pt too wide) in alignment at lines 35--65
 [] [] [] [] [] [] 
 []

[107]
Overfull \hbox (37.44968pt too wide) in alignment at lines 65--95
 [] [] [] [] [] [] 
 []


Overfull \hbox (37.44968pt too wide) in alignment at lines 95--125
 [] [] [] [] [] [] 
 []

[108]
Overfull \hbox (37.44968pt too wide) in alignment at lines 125--155
 [] [] [] [] [] [] 
 []


Overfull \hbox (37.44968pt too wide) in alignment at lines 155--181
 [] [] [] [] [] [] 
 []

[109]) (../../Output/Tables/hoshogintlagordLogLogDJ.tex [110] [111] [112] [113]) (../../Output/Tables/hoshogintlagordLogLogDF.tex [114] [115] [116] [117]) [118] (../../Output/Tables/llpintlagsDJ.tex
Overfull \hbox (18.86969pt too wide) in alignment at lines 3--5
 [] [] [] [] [] [] 
 []


Overfull \hbox (18.86969pt too wide) in alignment at lines 5--5
 [] [] [] [] [] [] 
 []


Overfull \hbox (18.86969pt too wide) in alignment at lines 5--5
 [] [] [] [] [] [] 
 []


Overfull \hbox (18.86969pt too wide) in alignment at lines 5--5
 [] [] [] [] [] [] 
 []


Overfull \hbox (18.86969pt too wide) in alignment at lines 5--35
 [] [] [] [] [] [] 
 []


Overfull \hbox (18.86969pt too wide) in alignment at lines 35--65
 [] [] [] [] [] [] 
 []


Overfull \hbox (18.86969pt too wide) in alignment at lines 65--95
 [] [] [] [] [] [] 
 []

[119

]
Overfull \hbox (18.86969pt too wide) in alignment at lines 95--125
 [] [] [] [] [] [] 
 []


Overfull \hbox (18.86969pt too wide) in alignment at lines 125--155
 [] [] [] [] [] [] 
 []

[120]
Overfull \hbox (18.86969pt too wide) in alignment at lines 155--181
 [] [] [] [] [] [] 
 []

[121]) (../../Output/Tables/llpintlagsDF.tex
Overfull \hbox (24.5397pt too wide) in alignment at lines 3--5
 [] [] [] [] [] [] 
 []


Overfull \hbox (24.5397pt too wide) in alignment at lines 5--5
 [] [] [] [] [] [] 
 []


Overfull \hbox (24.5397pt too wide) in alignment at lines 5--5
 [] [] [] [] [] [] 
 []


Overfull \hbox (24.5397pt too wide) in alignment at lines 5--5
 [] [] [] [] [] [] 
 []


Overfull \hbox (24.5397pt too wide) in alignment at lines 5--35
 [] [] [] [] [] [] 
 []


Overfull \hbox (24.5397pt too wide) in alignment at lines 35--65
 [] [] [] [] [] [] 
 []

[122]
Overfull \hbox (24.5397pt too wide) in alignment at lines 65--95
 [] [] [] [] [] [] 
 []


Overfull \hbox (24.5397pt too wide) in alignment at lines 95--125
 [] [] [] [] [] [] 
 []

[123]
Overfull \hbox (24.5397pt too wide) in alignment at lines 125--155
 [] [] [] [] [] [] 
 []


Overfull \hbox (24.5397pt too wide) in alignment at lines 155--181
 [] [] [] [] [] [] 
 []

[124]) (../../Output/Tables/llpintlagordLogDJ.tex [125] [126] [127] [128]) (../../Output/Tables/llpintlagordLogDF.tex [129] [130] [131] [132]) [133] (c:/Users\ijyli\repo\Commitment_Institutions_Instability\Release\Paper\Liu- Commitment Institutions and Instability.aux)
Package rerunfilecheck Info: File `"Liu- Commitment Institutions and Instability".out' has not changed.
(rerunfilecheck)             Checksum: D41D8CD98F00B204E9800998ECF8427E;0.
 ) 
Here is how much of TeX's memory you used:
 25342 strings out of 479321
 466153 string characters out of 2856583
 811469 words of memory out of 3000000
 41788 multiletter control sequences out of 15000+600000
 459463 words of font info for 130 fonts, out of 8000000 for 9000
 1141 hyphenation exceptions out of 8191
 102i,11n,117p,1995b,667s stack positions out of 5000i,500n,10000p,200000b,80000s
{C:/Users/ijyli/AppData/Local/Programs/MiKTeX/fonts/enc/dvips/base/8r.enc}<C:/Users/ijyli/AppData/Local/Programs/MiKTeX/fonts/type1/public/amsfonts/cm/cmmi10.pfb><C:/Users/ijyli/AppData/Local/Programs/MiKTeX/fonts/type1/public/amsfonts/cm/cmsy10.pfb><C:/Users/ijyli/AppData/Local/Programs/MiKTeX/fonts/type1/urw/palatino/uplb8a.pfb><C:/Users/ijyli/AppData/Local/Programs/MiKTeX/fonts/type1/urw/palatino/uplr8a.pfb><C:/Users/ijyli/AppData/Local/Programs/MiKTeX/fonts/type1/urw/palatino/uplri8a.pfb>
Output written on "c:/Users\ijyli\repo\Commitment_Institutions_Instability\Release\Paper\Liu- Commitment Institutions and Instability.pdf" (133 pages, 584488 bytes).
PDF statistics:
 1160 PDF objects out of 1200 (max. 8388607)
 317 named destinations out of 1000 (max. 500000)
 119 words of extra memory for PDF output out of 10000 (max. 10000000)

